{
  "RSpec": {
    "coverage": {
      "/home/rhianekobar/Projects/individual-challenges/bank_tech_test/spec/bank_account_spec.rb": {
        "lines": [
          null,
          null,
          1,
          1,
          1,
          null,
          1,
          7,
          5,
          1,
          null,
          1,
          1,
          null,
          null,
          1,
          1,
          null,
          null,
          1,
          1,
          null,
          null,
          1,
          1,
          1,
          1,
          null,
          null,
          1,
          1,
          1,
          1,
          1,
          1,
          null,
          null,
          1,
          1,
          1,
          1,
          null,
          null,
          null,
          null,
          1,
          1,
          1,
          1,
          null,
          null,
          1,
          1,
          1,
          1,
          1,
          1,
          null,
          null,
          1,
          1,
          1,
          1,
          null,
          null,
          null,
          null,
          1,
          1,
          2,
          null,
          null,
          null
        ]
      },
      "/home/rhianekobar/Projects/individual-challenges/bank_tech_test/lib/bank_account.rb": {
        "lines": [
          null,
          null,
          null,
          1,
          1,
          1,
          1,
          null,
          1,
          10,
          10,
          null,
          null,
          1,
          4,
          1,
          null,
          null,
          3,
          3,
          null,
          null,
          1,
          4,
          null,
          3,
          3,
          null,
          null,
          1,
          1,
          1,
          1,
          null,
          null,
          null,
          1,
          null,
          1,
          16,
          null,
          null,
          1,
          4,
          null,
          null,
          1,
          4,
          null,
          null,
          1,
          1,
          null,
          null
        ]
      },
      "/home/rhianekobar/Projects/individual-challenges/bank_tech_test/spec/account_helper.rb": {
        "lines": [
          null,
          null,
          1,
          4,
          null,
          null,
          1,
          3,
          null
        ]
      },
      "/home/rhianekobar/Projects/individual-challenges/bank_tech_test/lib/transaction.rb": {
        "lines": [
          1,
          null,
          1,
          null,
          1,
          17,
          17,
          17,
          17,
          null,
          null,
          null
        ]
      },
      "/home/rhianekobar/Projects/individual-challenges/bank_tech_test/spec/statement_spec.rb": {
        "lines": [
          1,
          1,
          null,
          1,
          null,
          1,
          1,
          null,
          null,
          null,
          null
        ]
      },
      "/home/rhianekobar/Projects/individual-challenges/bank_tech_test/lib/statement.rb": {
        "lines": [

        ]
      },
      "/home/rhianekobar/Projects/individual-challenges/bank_tech_test/spec/transaction_spec.rb": {
        "lines": [
          1,
          null,
          1,
          null,
          1,
          2,
          null,
          null,
          1,
          1,
          1,
          1,
          1,
          null,
          null,
          null
        ]
      }
    },
    "timestamp": 1638819292
  }
}
