{
  "RSpec": {
    "coverage": {
      "/home/rhianekobar/Projects/individual-challenges/bank_tech_test/spec/bank_account_spec.rb": {
        "lines": [
          null,
          null,
          1,
          1,
          null,
          1,
          7,
          5,
          1,
          null,
          1,
          1,
          null,
          null,
          1,
          1,
          null,
          null,
          1,
          1,
          null,
          null,
          1,
          1,
          1,
          1,
          null,
          null,
          1,
          1,
          1,
          null,
          null,
          1,
          1,
          1,
          1,
          null,
          null,
          null,
          null,
          1,
          1,
          1,
          1,
          null,
          null,
          1,
          1,
          1,
          null,
          null,
          1,
          1,
          1,
          1,
          null,
          null,
          null,
          null,
          1,
          1,
          1,
          1,
          1,
          1,
          null,
          null,
          null
        ]
      },
      "/home/rhianekobar/Projects/individual-challenges/bank_tech_test/lib/bank_account.rb": {
        "lines": [
          null,
          null,
          null,
          1,
          1,
          1,
          1,
          null,
          1,
          10,
          10,
          null,
          null,
          1,
          6,
          1,
          null,
          null,
          5,
          5,
          null,
          null,
          1,
          5,
          null,
          4,
          4,
          null,
          null,
          1,
          1,
          1,
          4,
          null,
          null,
          null,
          1,
          null,
          1,
          19,
          null,
          null,
          1,
          6,
          null,
          null,
          1,
          5,
          null,
          null,
          1,
          1,
          null,
          null
        ]
      },
      "/home/rhianekobar/Projects/individual-challenges/bank_tech_test/spec/account_helper.rb": {
        "lines": [
          null,
          null,
          1,
          4,
          null,
          null,
          1,
          5,
          null
        ]
      }
    },
    "timestamp": 1635245531
  }
}
